<?xml version="1.0" encoding="UTF-8"?>
<testng-results skipped="0" failed="0" total="1" passed="1">
  <reporter-output>
  </reporter-output>
  <suite name="Default suite" duration-ms="3994" started-at="2017-07-20T18:19:12Z" finished-at="2017-07-20T18:19:16Z">
    <groups>
    </groups>
    <test name="Default test" duration-ms="3994" started-at="2017-07-20T18:19:12Z" finished-at="2017-07-20T18:19:16Z">
      <class name="com.fanniemae.testcases.Login_TestCase">
        <test-method status="PASS" signature="setUp()[pri:0, instance:com.fanniemae.testcases.Login_TestCase@5c3bd550]" name="setUp" is-config="true" duration-ms="3840" started-at="2017-07-20T14:19:08Z" finished-at="2017-07-20T14:19:12Z">
          <reporter-output>
          </reporter-output>
        </test-method> <!-- setUp -->
        <test-method status="PASS" signature="tc_newAccount()[pri:0, instance:com.fanniemae.testcases.Login_TestCase@5c3bd550]" name="tc_newAccount" duration-ms="3963" started-at="2017-07-20T14:19:12Z" finished-at="2017-07-20T14:19:16Z">
          <reporter-output>
          </reporter-output>
        </test-method> <!-- tc_newAccount -->
        <test-method status="PASS" signature="tearDown()[pri:0, instance:com.fanniemae.testcases.Login_TestCase@5c3bd550]" name="tearDown" is-config="true" duration-ms="796" started-at="2017-07-20T14:19:16Z" finished-at="2017-07-20T14:19:16Z">
          <reporter-output>
          </reporter-output>
        </test-method> <!-- tearDown -->
      </class> <!-- com.fanniemae.testcases.Login_TestCase -->
    </test> <!-- Default test -->
  </suite> <!-- Default suite -->
</testng-results>
